
============================================================================================
Group_Membership_Local.vbs Started at: 17/01/2013 14:00:20


============================================================================================
Group_Membership_Local.vbs Started at: 17/01/2013 14:02:44


============================================================================================
Group_Membership_Local.vbs Started at: 17/01/2013 14:02:56


============================================================================================
Group_Membership_Local.vbs Started at: 17/01/2013 14:04:00


============================================================================================
Group_Membership_Local.vbs Started at: 17/01/2013 14:04:17

BLSRADMT - Not contactable

============================================================================================
Group_Membership_Local.vbs Started at: 17/01/2013 14:07:38

BLSRADMT - Not contactable

============================================================================================
Group_Membership_Local.vbs Started at: 17/01/2013 14:08:51

BLSRADMT - Not contactable
SERVER-COLLECTA - Not contactable
PLM-DEV - Not contactable
PLM-PRODTSTK - Not contactable
PLM-PRODVOL - Not contactable
PLM-PRODWEB - Not contactable
PLM-SQL - Not contactable
PLM-UATTSTK - Not contactable
PLM-UATVOL - Not contactable
PLM-UATWEB - Not contactable
BLSRSP01 - Not contactable
BLSRCAT01 - Not contactable
BLSRSAN01 - Not contactable
Script finished at: 17/01/2013 14:15:14
============================================================================================
